0 verbose cli /usr/local/bin/node /usr/local/bin/npm
1 info using npm@8.19.4
2 info using node@v16.20.2
3 timing npm:load:whichnode Completed in 0ms
4 timing config:load:defaults Completed in 1ms
5 timing config:load:file:/usr/local/lib/node_modules/npm/npmrc Completed in 1ms
6 timing config:load:builtin Completed in 1ms
7 warn config production Use `--omit=dev` instead.
8 timing config:load:cli Completed in 2ms
9 timing config:load:env Completed in 0ms
10 timing config:load:file:/data/.npmrc Completed in 1ms
11 timing config:load:project Completed in 5ms
12 timing config:load:file:/usr/src/node-red/.npmrc Completed in 0ms
13 timing config:load:user Completed in 0ms
14 timing config:load:file:/usr/local/etc/npmrc Completed in 0ms
15 timing config:load:global Completed in 0ms
16 timing config:load:validate Completed in 0ms
17 timing config:load:credentials Completed in 0ms
18 timing config:load:setEnvs Completed in 1ms
19 timing config:load Completed in 12ms
20 timing npm:load:configload Completed in 12ms
21 timing npm:load:mkdirpcache Completed in 1ms
22 timing npm:load:mkdirplogs Completed in 0ms
23 verbose title npm install node-red-dashboard@3.6.0
24 verbose argv "install" "--no-audit" "--no-update-notifier" "--no-fund" "--save" "--save-prefix" "~" "--production" "--engine-strict" "node-red-dashboard@3.6.0"
25 timing npm:load:setTitle Completed in 1ms
26 timing config:load:flatten Completed in 2ms
27 timing npm:load:display Completed in 3ms
28 verbose logfile logs-max:10 dir:/data/.npm/_logs
29 verbose logfile /data/.npm/_logs/2023-10-03T15_39_46_289Z-debug-0.log
30 timing npm:load:logFile Completed in 3ms
31 timing npm:load:timers Completed in 0ms
32 timing npm:load:configScope Completed in 0ms
33 timing npm:load Completed in 20ms
34 timing arborist:ctor Completed in 0ms
35 silly logfile start cleaning logs, removing 49 files
36 timing arborist:ctor Completed in 0ms
37 timing idealTree:init Completed in 8ms
38 timing idealTree:userRequests Completed in 3ms
39 silly idealTree buildDeps
40 silly fetch manifest node-red-dashboard@3.6.0
41 silly logfile done cleaning log files
42 http fetch GET 200 https://registry.npmjs.org/node-red-dashboard 906ms (cache miss)
43 silly placeDep ROOT node-red-dashboard@3.6.0 OK for: node-red-project@0.0.1 want: 3.6.0
44 silly fetch manifest compression@^1.7.4
45 silly fetch manifest gridstack@^0.6.4
46 silly fetch manifest serve-static@^1.15.0
47 silly fetch manifest socket.io@^4.7.2
48 http fetch GET 200 https://registry.npmjs.org/compression 33ms (cache miss)
49 http fetch GET 200 https://registry.npmjs.org/socket.io 51ms (cache miss)
50 http fetch GET 200 https://registry.npmjs.org/serve-static 68ms (cache miss)
51 http fetch GET 200 https://registry.npmjs.org/gridstack 293ms (cache miss)
52 timing idealTree:#root Completed in 1211ms
53 silly placeDep ROOT compression@1.7.4 OK for: node-red-dashboard@3.6.0 want: ^1.7.4
54 silly placeDep ROOT gridstack@0.6.4 OK for: node-red-dashboard@3.6.0 want: ^0.6.4
55 silly placeDep ROOT serve-static@1.15.0 OK for: node-red-dashboard@3.6.0 want: ^1.15.0
56 silly placeDep ROOT socket.io@4.7.2 OK for: node-red-dashboard@3.6.0 want: ^4.7.2
57 silly fetch manifest accepts@~1.3.5
58 silly fetch manifest bytes@3.0.0
59 silly fetch manifest compressible@~2.0.16
60 silly fetch manifest debug@2.6.9
61 silly fetch manifest on-headers@~1.0.2
62 silly fetch manifest safe-buffer@5.1.2
63 silly fetch manifest vary@~1.1.2
64 silly fetch manifest jquery@^1.8 || 2 || 3
65 silly fetch manifest encodeurl@~1.0.2
66 silly fetch manifest escape-html@~1.0.3
67 silly fetch manifest parseurl@~1.3.3
68 silly fetch manifest send@0.18.0
69 silly fetch manifest accepts@~1.3.4
70 silly fetch manifest base64id@~2.0.0
71 silly fetch manifest cors@~2.8.5
72 silly fetch manifest debug@~4.3.2
73 silly fetch manifest engine.io@~6.5.2
74 silly fetch manifest socket.io-adapter@~2.5.2
75 silly fetch manifest socket.io-parser@~4.2.4
76 http fetch GET 200 https://registry.npmjs.org/debug 43ms (cache miss)
77 http fetch GET 200 https://registry.npmjs.org/bytes 53ms (cache miss)
78 http fetch GET 200 https://registry.npmjs.org/compressible 54ms (cache miss)
79 http fetch GET 200 https://registry.npmjs.org/accepts 62ms (cache miss)
80 http fetch GET 200 https://registry.npmjs.org/debug 66ms (cache miss)
81 http fetch GET 200 https://registry.npmjs.org/escape-html 70ms (cache miss)
82 http fetch GET 200 https://registry.npmjs.org/accepts 69ms (cache miss)
83 http fetch GET 200 https://registry.npmjs.org/parseurl 69ms (cache miss)
84 http fetch GET 200 https://registry.npmjs.org/on-headers 83ms (cache miss)
85 http fetch GET 200 https://registry.npmjs.org/base64id 80ms (cache miss)
86 http fetch GET 200 https://registry.npmjs.org/vary 93ms (cache miss)
87 http fetch GET 200 https://registry.npmjs.org/encodeurl 95ms (cache miss)
88 http fetch GET 200 https://registry.npmjs.org/safe-buffer 97ms (cache miss)
89 http fetch GET 200 https://registry.npmjs.org/socket.io-adapter 94ms (cache miss)
90 http fetch GET 200 https://registry.npmjs.org/engine.io 96ms (cache miss)
91 http fetch GET 200 https://registry.npmjs.org/cors 98ms (cache miss)
92 http fetch GET 200 https://registry.npmjs.org/socket.io-parser 97ms (cache miss)
93 http fetch GET 200 https://registry.npmjs.org/send 100ms (cache miss)
94 http fetch GET 200 https://registry.npmjs.org/jquery 102ms (cache miss)
95 timing idealTree:node_modules/node-red-dashboard Completed in 116ms
96 silly placeDep ROOT accepts@1.3.8 OK for: compression@1.7.4 want: ~1.3.5
97 silly placeDep ROOT bytes@3.0.0 OK for: compression@1.7.4 want: 3.0.0
98 silly placeDep ROOT compressible@2.0.18 OK for: compression@1.7.4 want: ~2.0.16
99 silly placeDep ROOT debug@2.6.9 OK for: compression@1.7.4 want: 2.6.9
100 silly placeDep ROOT on-headers@1.0.2 OK for: compression@1.7.4 want: ~1.0.2
101 silly placeDep ROOT safe-buffer@5.1.2 OK for: compression@1.7.4 want: 5.1.2
102 silly placeDep ROOT vary@1.1.2 OK for: compression@1.7.4 want: ~1.1.2
103 silly fetch manifest mime-types@~2.1.34
104 silly fetch manifest negotiator@0.6.3
105 silly fetch manifest mime-db@>= 1.43.0 < 2
106 silly fetch manifest ms@2.0.0
107 http fetch GET 200 https://registry.npmjs.org/mime-types 36ms (cache miss)
108 http fetch GET 200 https://registry.npmjs.org/ms 36ms (cache miss)
109 http fetch GET 200 https://registry.npmjs.org/mime-db 47ms (cache miss)
110 http fetch GET 200 https://registry.npmjs.org/negotiator 55ms (cache miss)
111 timing idealTree:node_modules/compression Completed in 65ms
112 silly placeDep ROOT mime-types@2.1.35 OK for: accepts@1.3.8 want: ~2.1.34
113 silly placeDep ROOT negotiator@0.6.3 OK for: accepts@1.3.8 want: 0.6.3
114 silly fetch manifest mime-db@1.52.0
115 timing idealTree:node_modules/accepts Completed in 2ms
116 timing idealTree:node_modules/bytes Completed in 0ms
117 silly placeDep ROOT mime-db@1.52.0 OK for: compressible@2.0.18 want: >= 1.43.0 < 2
118 timing idealTree:node_modules/compressible Completed in 1ms
119 silly placeDep ROOT ms@2.0.0 OK for: debug@2.6.9 want: 2.0.0
120 timing idealTree:node_modules/debug Completed in 0ms
121 silly placeDep ROOT jquery@3.7.1 OK for: gridstack@0.6.4 want: ^1.8 || 2 || 3
122 timing idealTree:node_modules/gridstack Completed in 0ms
123 timing idealTree:node_modules/jquery Completed in 0ms
124 timing idealTree:node_modules/mime-db Completed in 0ms
125 timing idealTree:node_modules/mime-types Completed in 0ms
126 timing idealTree:node_modules/ms Completed in 0ms
127 timing idealTree:node_modules/negotiator Completed in 0ms
128 timing idealTree:node_modules/on-headers Completed in 0ms
129 timing idealTree:node_modules/safe-buffer Completed in 0ms
130 silly placeDep ROOT encodeurl@1.0.2 OK for: serve-static@1.15.0 want: ~1.0.2
131 silly placeDep ROOT escape-html@1.0.3 OK for: serve-static@1.15.0 want: ~1.0.3
132 silly placeDep ROOT parseurl@1.3.3 OK for: serve-static@1.15.0 want: ~1.3.3
133 silly placeDep ROOT send@0.18.0 OK for: serve-static@1.15.0 want: 0.18.0
134 silly fetch manifest depd@2.0.0
135 silly fetch manifest destroy@1.2.0
136 silly fetch manifest etag@~1.8.1
137 silly fetch manifest fresh@0.5.2
138 silly fetch manifest http-errors@2.0.0
139 silly fetch manifest mime@1.6.0
140 silly fetch manifest ms@2.1.3
141 silly fetch manifest on-finished@2.4.1
142 silly fetch manifest range-parser@~1.2.1
143 silly fetch manifest statuses@2.0.1
144 http fetch GET 200 https://registry.npmjs.org/etag 34ms (cache miss)
145 http fetch GET 200 https://registry.npmjs.org/depd 39ms (cache miss)
146 http fetch GET 200 https://registry.npmjs.org/statuses 47ms (cache miss)
147 http fetch GET 200 https://registry.npmjs.org/range-parser 48ms (cache miss)
148 http fetch GET 200 https://registry.npmjs.org/http-errors 50ms (cache miss)
149 http fetch GET 200 https://registry.npmjs.org/fresh 51ms (cache miss)
150 http fetch GET 200 https://registry.npmjs.org/destroy 53ms (cache miss)
151 http fetch GET 200 https://registry.npmjs.org/on-finished 62ms (cache miss)
152 http fetch GET 200 https://registry.npmjs.org/mime 68ms (cache miss)
153 timing idealTree:node_modules/serve-static Completed in 73ms
154 timing idealTree:node_modules/encodeurl Completed in 0ms
155 timing idealTree:node_modules/escape-html Completed in 0ms
156 timing idealTree:node_modules/parseurl Completed in 0ms
157 silly placeDep ROOT depd@2.0.0 OK for: send@0.18.0 want: 2.0.0
158 silly placeDep ROOT destroy@1.2.0 OK for: send@0.18.0 want: 1.2.0
159 silly placeDep ROOT etag@1.8.1 OK for: send@0.18.0 want: ~1.8.1
160 silly placeDep ROOT fresh@0.5.2 OK for: send@0.18.0 want: 0.5.2
161 silly placeDep ROOT http-errors@2.0.0 OK for: send@0.18.0 want: 2.0.0
162 silly placeDep ROOT mime@1.6.0 OK for: send@0.18.0 want: 1.6.0
163 silly placeDep node_modules/send ms@2.1.3 OK for: send@0.18.0 want: 2.1.3
164 silly placeDep ROOT on-finished@2.4.1 OK for: send@0.18.0 want: 2.4.1
165 silly placeDep ROOT range-parser@1.2.1 OK for: send@0.18.0 want: ~1.2.1
166 silly placeDep ROOT statuses@2.0.1 OK for: send@0.18.0 want: 2.0.1
167 silly fetch manifest inherits@2.0.4
168 silly fetch manifest setprototypeof@1.2.0
169 silly fetch manifest toidentifier@1.0.1
170 silly fetch manifest ee-first@1.1.1
171 http fetch GET 200 https://registry.npmjs.org/inherits 39ms (cache miss)
172 http fetch GET 200 https://registry.npmjs.org/ee-first 39ms (cache miss)
173 http fetch GET 200 https://registry.npmjs.org/setprototypeof 45ms (cache miss)
174 http fetch GET 200 https://registry.npmjs.org/toidentifier 73ms (cache miss)
175 timing idealTree:node_modules/send Completed in 82ms
176 timing idealTree:node_modules/depd Completed in 0ms
177 timing idealTree:node_modules/destroy Completed in 0ms
178 timing idealTree:node_modules/etag Completed in 0ms
179 timing idealTree:node_modules/fresh Completed in 0ms
180 silly placeDep ROOT inherits@2.0.4 OK for: http-errors@2.0.0 want: 2.0.4
181 silly placeDep ROOT setprototypeof@1.2.0 OK for: http-errors@2.0.0 want: 1.2.0
182 silly placeDep ROOT toidentifier@1.0.1 OK for: http-errors@2.0.0 want: 1.0.1
183 timing idealTree:node_modules/http-errors Completed in 2ms
184 timing idealTree:node_modules/inherits Completed in 0ms
185 timing idealTree:node_modules/mime Completed in 0ms
186 silly placeDep ROOT ee-first@1.1.1 OK for: on-finished@2.4.1 want: 1.1.1
187 timing idealTree:node_modules/on-finished Completed in 1ms
188 timing idealTree:node_modules/ee-first Completed in 0ms
189 timing idealTree:node_modules/range-parser Completed in 0ms
190 timing idealTree:node_modules/setprototypeof Completed in 0ms
191 silly placeDep ROOT base64id@2.0.0 OK for: socket.io@4.7.2 want: ~2.0.0
192 silly placeDep ROOT cors@2.8.5 OK for: socket.io@4.7.2 want: ~2.8.5
193 silly placeDep node_modules/socket.io debug@4.3.4 OK for: socket.io@4.7.2 want: ~4.3.2
194 silly placeDep ROOT engine.io@6.5.2 OK for: socket.io@4.7.2 want: ~6.5.2
195 silly placeDep ROOT socket.io-adapter@2.5.2 OK for: socket.io@4.7.2 want: ~2.5.2
196 silly placeDep ROOT socket.io-parser@4.2.4 OK for: socket.io@4.7.2 want: ~4.2.4
197 silly fetch manifest object-assign@^4
198 silly fetch manifest ms@2.1.2
199 silly fetch manifest @types/cookie@^0.4.1
200 silly fetch manifest @types/cors@^2.8.12
201 silly fetch manifest @types/node@>=10.0.0
202 silly fetch manifest cookie@~0.4.1
203 silly fetch manifest debug@~4.3.1
204 silly fetch manifest engine.io-parser@~5.2.1
205 silly fetch manifest ws@~8.11.0
206 silly fetch manifest @socket.io/component-emitter@~3.1.0
207 http fetch GET 200 https://registry.npmjs.org/engine.io-parser 37ms (cache miss)
208 http fetch GET 200 https://registry.npmjs.org/cookie 39ms (cache miss)
209 http fetch GET 200 https://registry.npmjs.org/ws 44ms (cache miss)
210 http fetch GET 200 https://registry.npmjs.org/object-assign 57ms (cache miss)
211 http fetch GET 200 https://registry.npmjs.org/@types%2fcors 56ms (cache miss)
212 http fetch GET 200 https://registry.npmjs.org/@types%2fcookie 64ms (cache miss)
213 http fetch GET 200 https://registry.npmjs.org/@socket.io%2fcomponent-emitter 84ms (cache miss)
214 http fetch GET 200 https://registry.npmjs.org/@types%2fnode 113ms (cache miss)
215 timing idealTree:node_modules/socket.io Completed in 125ms
216 timing idealTree:node_modules/base64id Completed in 0ms
217 silly placeDep ROOT object-assign@4.1.1 OK for: cors@2.8.5 want: ^4
218 timing idealTree:node_modules/cors Completed in 1ms
219 silly fetch manifest bufferutil@^4.0.1
220 http fetch GET 200 https://registry.npmjs.org/bufferutil 38ms (cache miss)
221 silly fetch manifest utf-8-validate@^5.0.2
222 http fetch GET 200 https://registry.npmjs.org/utf-8-validate 28ms (cache miss)
223 silly placeDep ROOT @types/cookie@0.4.1 OK for: engine.io@6.5.2 want: ^0.4.1
224 silly placeDep ROOT @types/cors@2.8.14 OK for: engine.io@6.5.2 want: ^2.8.12
225 silly placeDep ROOT @types/node@20.8.2 OK for: engine.io@6.5.2 want: >=10.0.0
226 silly placeDep ROOT cookie@0.4.2 OK for: engine.io@6.5.2 want: ~0.4.1
227 silly placeDep node_modules/engine.io debug@4.3.4 OK for: engine.io@6.5.2 want: ~4.3.1
228 silly placeDep ROOT engine.io-parser@5.2.1 OK for: engine.io@6.5.2 want: ~5.2.1
229 silly placeDep ROOT ws@8.11.0 OK for: engine.io@6.5.2 want: ~8.11.0
230 timing idealTree:node_modules/engine.io Completed in 74ms
231 timing idealTree:node_modules/@types/cookie Completed in 0ms
232 timing idealTree:node_modules/@types/cors Completed in 0ms
233 timing idealTree:node_modules/@types/node Completed in 0ms
234 timing idealTree:node_modules/cookie Completed in 0ms
235 timing idealTree:node_modules/engine.io-parser Completed in 0ms
236 timing idealTree:node_modules/object-assign Completed in 0ms
237 timing idealTree:node_modules/socket.io-adapter Completed in 0ms
238 silly placeDep ROOT @socket.io/component-emitter@3.1.0 OK for: socket.io-parser@4.2.4 want: ~3.1.0
239 silly placeDep node_modules/socket.io-parser debug@4.3.4 OK for: socket.io-parser@4.2.4 want: ~4.3.1
240 timing idealTree:node_modules/socket.io-parser Completed in 3ms
241 timing idealTree:node_modules/@socket.io/component-emitter Completed in 0ms
242 timing idealTree:node_modules/statuses Completed in 0ms
243 timing idealTree:node_modules/toidentifier Completed in 0ms
244 timing idealTree:node_modules/vary Completed in 0ms
245 timing idealTree:node_modules/ws Completed in 0ms
246 silly placeDep node_modules/engine.io ms@2.1.2 OK for: debug@4.3.4 want: 2.1.2
247 timing idealTree:node_modules/engine.io/node_modules/debug Completed in 2ms
248 timing idealTree:node_modules/engine.io/node_modules/ms Completed in 0ms
249 timing idealTree:node_modules/send/node_modules/ms Completed in 0ms
250 silly placeDep node_modules/socket.io-parser ms@2.1.2 OK for: debug@4.3.4 want: 2.1.2
251 timing idealTree:node_modules/socket.io-parser/node_modules/debug Completed in 1ms
252 timing idealTree:node_modules/socket.io-parser/node_modules/ms Completed in 0ms
253 silly placeDep node_modules/socket.io ms@2.1.2 OK for: debug@4.3.4 want: 2.1.2
254 timing idealTree:node_modules/socket.io/node_modules/debug Completed in 0ms
255 timing idealTree:node_modules/socket.io/node_modules/ms Completed in 0ms
256 timing idealTree:buildDeps Completed in 1764ms
257 timing idealTree:fixDepFlags Completed in 1ms
258 timing idealTree Completed in 1777ms
259 timing reify:loadTrees Completed in 1778ms
260 timing reify:diffTrees Completed in 3ms
261 silly reify moves {}
262 timing reify:retireShallow Completed in 0ms
263 timing reify:createSparse Completed in 5ms
264 timing reify:trashOmits Completed in 1ms
265 timing reify:loadBundles Completed in 0ms
266 silly tarball no local data for @socket.io/component-emitter@https://registry.npmjs.org/@socket.io/component-emitter/-/component-emitter-3.1.0.tgz. Extracting by manifest.
267 silly tarball no local data for engine.io-parser@https://registry.npmjs.org/engine.io-parser/-/engine.io-parser-5.2.1.tgz. Extracting by manifest.
268 silly tarball no local data for ws@https://registry.npmjs.org/ws/-/ws-8.11.0.tgz. Extracting by manifest.
269 silly tarball no local data for cookie@https://registry.npmjs.org/cookie/-/cookie-0.4.2.tgz. Extracting by manifest.
270 silly tarball no local data for @types/node@https://registry.npmjs.org/@types/node/-/node-20.8.2.tgz. Extracting by manifest.
271 silly tarball no local data for @types/cors@https://registry.npmjs.org/@types/cors/-/cors-2.8.14.tgz. Extracting by manifest.
272 silly tarball no local data for @types/cookie@https://registry.npmjs.org/@types/cookie/-/cookie-0.4.1.tgz. Extracting by manifest.
273 silly tarball no local data for object-assign@https://registry.npmjs.org/object-assign/-/object-assign-4.1.1.tgz. Extracting by manifest.
274 silly tarball no local data for socket.io-parser@https://registry.npmjs.org/socket.io-parser/-/socket.io-parser-4.2.4.tgz. Extracting by manifest.
275 silly tarball no local data for socket.io-adapter@https://registry.npmjs.org/socket.io-adapter/-/socket.io-adapter-2.5.2.tgz. Extracting by manifest.
276 silly tarball no local data for engine.io@https://registry.npmjs.org/engine.io/-/engine.io-6.5.2.tgz. Extracting by manifest.
277 silly tarball no local data for cors@https://registry.npmjs.org/cors/-/cors-2.8.5.tgz. Extracting by manifest.
278 silly tarball no local data for base64id@https://registry.npmjs.org/base64id/-/base64id-2.0.0.tgz. Extracting by manifest.
279 silly tarball no local data for toidentifier@https://registry.npmjs.org/toidentifier/-/toidentifier-1.0.1.tgz. Extracting by manifest.
280 silly tarball no local data for setprototypeof@https://registry.npmjs.org/setprototypeof/-/setprototypeof-1.2.0.tgz. Extracting by manifest.
281 silly tarball no local data for ee-first@https://registry.npmjs.org/ee-first/-/ee-first-1.1.1.tgz. Extracting by manifest.
282 silly tarball no local data for statuses@https://registry.npmjs.org/statuses/-/statuses-2.0.1.tgz. Extracting by manifest.
283 silly tarball no local data for range-parser@https://registry.npmjs.org/range-parser/-/range-parser-1.2.1.tgz. Extracting by manifest.
284 silly tarball no local data for on-finished@https://registry.npmjs.org/on-finished/-/on-finished-2.4.1.tgz. Extracting by manifest.
285 silly tarball no local data for inherits@https://registry.npmjs.org/inherits/-/inherits-2.0.4.tgz. Extracting by manifest.
286 silly tarball no local data for mime@https://registry.npmjs.org/mime/-/mime-1.6.0.tgz. Extracting by manifest.
287 silly tarball no local data for http-errors@https://registry.npmjs.org/http-errors/-/http-errors-2.0.0.tgz. Extracting by manifest.
288 silly tarball no local data for fresh@https://registry.npmjs.org/fresh/-/fresh-0.5.2.tgz. Extracting by manifest.
289 silly tarball no local data for etag@https://registry.npmjs.org/etag/-/etag-1.8.1.tgz. Extracting by manifest.
290 silly tarball no local data for destroy@https://registry.npmjs.org/destroy/-/destroy-1.2.0.tgz. Extracting by manifest.
291 silly tarball no local data for send@https://registry.npmjs.org/send/-/send-0.18.0.tgz. Extracting by manifest.
292 silly tarball no local data for parseurl@https://registry.npmjs.org/parseurl/-/parseurl-1.3.3.tgz. Extracting by manifest.
293 silly tarball no local data for encodeurl@https://registry.npmjs.org/encodeurl/-/encodeurl-1.0.2.tgz. Extracting by manifest.
294 silly tarball no local data for jquery@https://registry.npmjs.org/jquery/-/jquery-3.7.1.tgz. Extracting by manifest.
295 silly tarball no local data for ms@https://registry.npmjs.org/ms/-/ms-2.0.0.tgz. Extracting by manifest.
296 silly tarball no local data for mime-db@https://registry.npmjs.org/mime-db/-/mime-db-1.52.0.tgz. Extracting by manifest.
297 silly tarball no local data for negotiator@https://registry.npmjs.org/negotiator/-/negotiator-0.6.3.tgz. Extracting by manifest.
298 silly tarball no local data for escape-html@https://registry.npmjs.org/escape-html/-/escape-html-1.0.3.tgz. Extracting by manifest.
299 silly tarball no local data for vary@https://registry.npmjs.org/vary/-/vary-1.1.2.tgz. Extracting by manifest.
300 silly tarball no local data for mime-types@https://registry.npmjs.org/mime-types/-/mime-types-2.1.35.tgz. Extracting by manifest.
301 silly tarball no local data for safe-buffer@https://registry.npmjs.org/safe-buffer/-/safe-buffer-5.1.2.tgz. Extracting by manifest.
302 silly tarball no local data for on-headers@https://registry.npmjs.org/on-headers/-/on-headers-1.0.2.tgz. Extracting by manifest.
303 silly tarball no local data for debug@https://registry.npmjs.org/debug/-/debug-2.6.9.tgz. Extracting by manifest.
304 silly tarball no local data for compressible@https://registry.npmjs.org/compressible/-/compressible-2.0.18.tgz. Extracting by manifest.
305 silly tarball no local data for bytes@https://registry.npmjs.org/bytes/-/bytes-3.0.0.tgz. Extracting by manifest.
306 silly tarball no local data for accepts@https://registry.npmjs.org/accepts/-/accepts-1.3.8.tgz. Extracting by manifest.
307 silly tarball no local data for socket.io@https://registry.npmjs.org/socket.io/-/socket.io-4.7.2.tgz. Extracting by manifest.
308 silly tarball no local data for serve-static@https://registry.npmjs.org/serve-static/-/serve-static-1.15.0.tgz. Extracting by manifest.
309 silly tarball no local data for gridstack@https://registry.npmjs.org/gridstack/-/gridstack-0.6.4.tgz. Extracting by manifest.
310 silly tarball no local data for compression@https://registry.npmjs.org/compression/-/compression-1.7.4.tgz. Extracting by manifest.
311 silly tarball no local data for node-red-dashboard@https://registry.npmjs.org/node-red-dashboard/-/node-red-dashboard-3.6.0.tgz. Extracting by manifest.
312 silly tarball no local data for ms@https://registry.npmjs.org/ms/-/ms-2.1.2.tgz. Extracting by manifest.
313 silly tarball no local data for debug@https://registry.npmjs.org/debug/-/debug-4.3.4.tgz. Extracting by manifest.
314 silly tarball no local data for ms@https://registry.npmjs.org/ms/-/ms-2.1.2.tgz. Extracting by manifest.
315 silly tarball no local data for debug@https://registry.npmjs.org/debug/-/debug-4.3.4.tgz. Extracting by manifest.
316 silly tarball no local data for ms@https://registry.npmjs.org/ms/-/ms-2.1.3.tgz. Extracting by manifest.
317 silly tarball no local data for ms@https://registry.npmjs.org/ms/-/ms-2.1.2.tgz. Extracting by manifest.
318 silly tarball no local data for debug@https://registry.npmjs.org/debug/-/debug-4.3.4.tgz. Extracting by manifest.
319 silly tarball no local data for depd@https://registry.npmjs.org/depd/-/depd-2.0.0.tgz. Extracting by manifest.
320 http fetch GET 200 https://registry.npmjs.org/cookie/-/cookie-0.4.2.tgz 225ms (cache miss)
321 timing reifyNode:node_modules/cookie Completed in 247ms
322 http fetch GET 200 https://registry.npmjs.org/socket.io-parser/-/socket.io-parser-4.2.4.tgz 244ms (cache miss)
323 http fetch GET 200 https://registry.npmjs.org/@socket.io/component-emitter/-/component-emitter-3.1.0.tgz 253ms (cache miss)
324 timing reifyNode:node_modules/@socket.io/component-emitter Completed in 273ms
325 http fetch GET 200 https://registry.npmjs.org/object-assign/-/object-assign-4.1.1.tgz 248ms (cache miss)
326 timing reifyNode:node_modules/object-assign Completed in 273ms
327 http fetch GET 200 https://registry.npmjs.org/base64id/-/base64id-2.0.0.tgz 243ms (cache miss)
328 timing reifyNode:node_modules/base64id Completed in 273ms
329 http fetch GET 200 https://registry.npmjs.org/socket.io-adapter/-/socket.io-adapter-2.5.2.tgz 250ms (cache miss)
330 timing reifyNode:node_modules/socket.io-adapter Completed in 276ms
331 http fetch GET 200 https://registry.npmjs.org/setprototypeof/-/setprototypeof-1.2.0.tgz 245ms (cache miss)
332 timing reifyNode:node_modules/setprototypeof Completed in 276ms
333 http fetch GET 200 https://registry.npmjs.org/@types/cookie/-/cookie-0.4.1.tgz 253ms (cache miss)
334 timing reifyNode:node_modules/@types/cookie Completed in 277ms
335 http fetch GET 200 https://registry.npmjs.org/cors/-/cors-2.8.5.tgz 251ms (cache miss)
336 timing reifyNode:node_modules/cors Completed in 280ms
337 http fetch GET 200 https://registry.npmjs.org/ee-first/-/ee-first-1.1.1.tgz 248ms (cache miss)
338 timing reifyNode:node_modules/ee-first Completed in 280ms
339 http fetch GET 200 https://registry.npmjs.org/on-finished/-/on-finished-2.4.1.tgz 249ms (cache miss)
340 timing reifyNode:node_modules/on-finished Completed in 282ms
341 http fetch GET 200 https://registry.npmjs.org/fresh/-/fresh-0.5.2.tgz 246ms (cache miss)
342 timing reifyNode:node_modules/fresh Completed in 282ms
343 http fetch GET 200 https://registry.npmjs.org/@types/cors/-/cors-2.8.14.tgz 260ms (cache miss)
344 timing reifyNode:node_modules/@types/cors Completed in 283ms
345 http fetch GET 200 https://registry.npmjs.org/toidentifier/-/toidentifier-1.0.1.tgz 252ms (cache miss)
346 timing reifyNode:node_modules/toidentifier Completed in 283ms
347 http fetch GET 200 https://registry.npmjs.org/range-parser/-/range-parser-1.2.1.tgz 252ms (cache miss)
348 timing reifyNode:node_modules/range-parser Completed in 285ms
349 http fetch GET 200 https://registry.npmjs.org/parseurl/-/parseurl-1.3.3.tgz 249ms (cache miss)
350 timing reifyNode:node_modules/parseurl Completed in 286ms
351 http fetch GET 200 https://registry.npmjs.org/encodeurl/-/encodeurl-1.0.2.tgz 248ms (cache miss)
352 timing reifyNode:node_modules/encodeurl Completed in 287ms
353 http fetch GET 200 https://registry.npmjs.org/send/-/send-0.18.0.tgz 250ms (cache miss)
354 timing reifyNode:node_modules/send Completed in 287ms
355 http fetch GET 200 https://registry.npmjs.org/negotiator/-/negotiator-0.6.3.tgz 245ms (cache miss)
356 timing reifyNode:node_modules/negotiator Completed in 288ms
357 http fetch GET 200 https://registry.npmjs.org/http-errors/-/http-errors-2.0.0.tgz 256ms (cache miss)
358 timing reifyNode:node_modules/http-errors Completed in 291ms
359 http fetch GET 200 https://registry.npmjs.org/etag/-/etag-1.8.1.tgz 255ms (cache miss)
360 timing reifyNode:node_modules/etag Completed in 290ms
361 http fetch GET 200 https://registry.npmjs.org/inherits/-/inherits-2.0.4.tgz 258ms (cache miss)
362 timing reifyNode:node_modules/inherits Completed in 292ms
363 http fetch GET 200 https://registry.npmjs.org/on-headers/-/on-headers-1.0.2.tgz 245ms (cache miss)
364 timing reifyNode:node_modules/on-headers Completed in 291ms
365 http fetch GET 200 https://registry.npmjs.org/destroy/-/destroy-1.2.0.tgz 257ms (cache miss)
366 timing reifyNode:node_modules/destroy Completed in 293ms
367 http fetch GET 200 https://registry.npmjs.org/ms/-/ms-2.1.2.tgz 239ms (cache miss)
368 timing reifyNode:node_modules/socket.io-parser/node_modules/ms Completed in 294ms
369 http fetch GET 200 https://registry.npmjs.org/statuses/-/statuses-2.0.1.tgz 263ms (cache miss)
370 timing reifyNode:node_modules/statuses Completed in 295ms
371 http fetch GET 200 https://registry.npmjs.org/accepts/-/accepts-1.3.8.tgz 247ms (cache miss)
372 timing reifyNode:node_modules/accepts Completed in 295ms
373 http fetch GET 200 https://registry.npmjs.org/compressible/-/compressible-2.0.18.tgz 248ms (cache miss)
374 timing reifyNode:node_modules/compressible Completed in 295ms
375 http fetch GET 200 https://registry.npmjs.org/vary/-/vary-1.1.2.tgz 252ms (cache miss)
376 timing reifyNode:node_modules/vary Completed in 296ms
377 http fetch GET 200 https://registry.npmjs.org/mime-types/-/mime-types-2.1.35.tgz 251ms (cache miss)
378 timing reifyNode:node_modules/mime-types Completed in 297ms
379 http fetch GET 200 https://registry.npmjs.org/bytes/-/bytes-3.0.0.tgz 249ms (cache miss)
380 timing reifyNode:node_modules/bytes Completed in 297ms
381 http fetch GET 200 https://registry.npmjs.org/escape-html/-/escape-html-1.0.3.tgz 253ms (cache miss)
382 timing reifyNode:node_modules/escape-html Completed in 298ms
383 http fetch GET 200 https://registry.npmjs.org/ms/-/ms-2.0.0.tgz 257ms (cache miss)
384 timing reifyNode:node_modules/ms Completed in 298ms
385 http fetch GET 200 https://registry.npmjs.org/ms/-/ms-2.1.2.tgz 242ms (cache miss)
386 timing reifyNode:node_modules/engine.io/node_modules/ms Completed in 299ms
387 http fetch GET 200 https://registry.npmjs.org/ms/-/ms-2.1.2.tgz 240ms (cache miss)
388 timing reifyNode:node_modules/socket.io/node_modules/ms Completed in 298ms
389 http fetch GET 200 https://registry.npmjs.org/debug/-/debug-4.3.4.tgz 243ms (cache miss)
390 timing reifyNode:node_modules/socket.io-parser/node_modules/debug Completed in 300ms
391 http fetch GET 200 https://registry.npmjs.org/compression/-/compression-1.7.4.tgz 250ms (cache miss)
392 timing reifyNode:node_modules/compression Completed in 301ms
393 http fetch GET 200 https://registry.npmjs.org/debug/-/debug-4.3.4.tgz 245ms (cache miss)
394 timing reifyNode:node_modules/engine.io/node_modules/debug Completed in 302ms
395 http fetch GET 200 https://registry.npmjs.org/debug/-/debug-4.3.4.tgz 243ms (cache miss)
396 timing reifyNode:node_modules/socket.io/node_modules/debug Completed in 301ms
397 http fetch GET 200 https://registry.npmjs.org/ms/-/ms-2.1.3.tgz 244ms (cache miss)
398 timing reifyNode:node_modules/send/node_modules/ms Completed in 301ms
399 http fetch GET 200 https://registry.npmjs.org/safe-buffer/-/safe-buffer-5.1.2.tgz 259ms (cache miss)
400 timing reifyNode:node_modules/safe-buffer Completed in 305ms
401 http fetch GET 200 https://registry.npmjs.org/serve-static/-/serve-static-1.15.0.tgz 257ms (cache miss)
402 timing reifyNode:node_modules/serve-static Completed in 307ms
403 http fetch GET 200 https://registry.npmjs.org/mime-db/-/mime-db-1.52.0.tgz 266ms (cache miss)
404 timing reifyNode:node_modules/mime-db Completed in 308ms
405 timing reifyNode:node_modules/socket.io-parser Completed in 312ms
406 http fetch GET 200 https://registry.npmjs.org/mime/-/mime-1.6.0.tgz 278ms (cache miss)
407 timing reifyNode:node_modules/mime Completed in 313ms
408 http fetch GET 200 https://registry.npmjs.org/depd/-/depd-2.0.0.tgz 256ms (cache miss)
409 timing reifyNode:node_modules/depd Completed in 315ms
410 http fetch GET 200 https://registry.npmjs.org/engine.io-parser/-/engine.io-parser-5.2.1.tgz 300ms (cache miss)
411 http fetch GET 200 https://registry.npmjs.org/ws/-/ws-8.11.0.tgz 301ms (cache miss)
412 timing reifyNode:node_modules/ws Completed in 322ms
413 http fetch GET 200 https://registry.npmjs.org/debug/-/debug-2.6.9.tgz 274ms (cache miss)
414 timing reifyNode:node_modules/debug Completed in 321ms
415 timing reifyNode:node_modules/engine.io-parser Completed in 323ms
416 http fetch GET 200 https://registry.npmjs.org/engine.io/-/engine.io-6.5.2.tgz 310ms (cache miss)
417 timing reifyNode:node_modules/engine.io Completed in 338ms
418 http fetch GET 200 https://registry.npmjs.org/gridstack/-/gridstack-0.6.4.tgz 323ms (cache miss)
419 timing reifyNode:node_modules/gridstack Completed in 373ms
420 http fetch GET 200 https://registry.npmjs.org/socket.io/-/socket.io-4.7.2.tgz 342ms (cache miss)
421 timing reifyNode:node_modules/socket.io Completed in 391ms
422 http fetch GET 200 https://registry.npmjs.org/jquery/-/jquery-3.7.1.tgz 385ms (cache miss)
423 timing reifyNode:node_modules/jquery Completed in 424ms
424 http fetch GET 200 https://registry.npmjs.org/@types/node/-/node-20.8.2.tgz 438ms (cache miss)
425 timing reifyNode:node_modules/@types/node Completed in 462ms
426 http fetch GET 200 https://registry.npmjs.org/node-red-dashboard/-/node-red-dashboard-3.6.0.tgz 415ms (cache miss)
427 timing reifyNode:node_modules/node-red-dashboard Completed in 466ms
428 timing reify:unpack Completed in 468ms
429 timing reify:unretire Completed in 0ms
430 timing build:queue Completed in 1ms
431 timing build:link:node_modules/mime Completed in 1ms
432 timing build:link Completed in 1ms
433 timing build:deps Completed in 3ms
434 timing build Completed in 3ms
435 timing reify:build Completed in 5ms
436 timing reify:trash Completed in 0ms
437 timing reify:save Completed in 11ms
438 timing reify Completed in 2284ms
439 silly ADD node_modules/@socket.io/component-emitter
440 silly ADD node_modules/ws
441 silly ADD node_modules/engine.io-parser
442 silly ADD node_modules/cookie
443 silly ADD node_modules/@types/node
444 silly ADD node_modules/@types/cors
445 silly ADD node_modules/@types/cookie
446 silly ADD node_modules/object-assign
447 silly ADD node_modules/socket.io-parser
448 silly ADD node_modules/socket.io-parser/node_modules/ms
449 silly ADD node_modules/socket.io-parser/node_modules/debug
450 silly ADD node_modules/socket.io-adapter
451 silly ADD node_modules/engine.io
452 silly ADD node_modules/engine.io/node_modules/ms
453 silly ADD node_modules/engine.io/node_modules/debug
454 silly ADD node_modules/cors
455 silly ADD node_modules/base64id
456 silly ADD node_modules/ee-first
457 silly ADD node_modules/toidentifier
458 silly ADD node_modules/setprototypeof
459 silly ADD node_modules/inherits
460 silly ADD node_modules/statuses
461 silly ADD node_modules/range-parser
462 silly ADD node_modules/on-finished
463 silly ADD node_modules/mime
464 silly ADD node_modules/http-errors
465 silly ADD node_modules/fresh
466 silly ADD node_modules/etag
467 silly ADD node_modules/destroy
468 silly ADD node_modules/depd
469 silly ADD node_modules/send
470 silly ADD node_modules/send/node_modules/ms
471 silly ADD node_modules/parseurl
472 silly ADD node_modules/escape-html
473 silly ADD node_modules/encodeurl
474 silly ADD node_modules/jquery
475 silly ADD node_modules/ms
476 silly ADD node_modules/mime-db
477 silly ADD node_modules/negotiator
478 silly ADD node_modules/mime-types
479 silly ADD node_modules/vary
480 silly ADD node_modules/safe-buffer
481 silly ADD node_modules/on-headers
482 silly ADD node_modules/debug
483 silly ADD node_modules/compressible
484 silly ADD node_modules/bytes
485 silly ADD node_modules/accepts
486 silly ADD node_modules/socket.io
487 silly ADD node_modules/socket.io/node_modules/ms
488 silly ADD node_modules/socket.io/node_modules/debug
489 silly ADD node_modules/serve-static
490 silly ADD node_modules/gridstack
491 silly ADD node_modules/compression
492 silly ADD node_modules/node-red-dashboard
493 timing command:install Completed in 2286ms
494 verbose exit 0
495 timing npm Completed in 2355ms
496 info ok
